<?xml version="1.0" encoding="UTF-8"?>
<!-- Generated by org.testng.reporters.JUnitReportReporter -->
<testsuite hostname="SurajPooja" failures="0" tests="1" name="demo.Sampletest$Sample" time="0.026" errors="0" timestamp="2024-05-25T15:59:16 IST" skipped="0">
  <testcase classname="demo.Sampletest$Sample" name="test" time="0.026"/>
  <system-out>
    <![CDATA[sample test script is executed]]>
  </system-out>
</testsuite> <!-- demo.Sampletest$Sample -->
