<?xml version="1.0" encoding="UTF-8"?>
<!-- Generated by org.testng.reporters.JUnitReportReporter -->
<testsuite hostname="SurajPooja" failures="0" tests="1" name="demo.SampleTest" time="25.212" errors="0" timestamp="2024-05-24T21:41:07 IST" skipped="0">
  <testcase classname="demo.SampleTest" name="test" time="25.212"/>
  <system-out/>
</testsuite> <!-- demo.SampleTest -->
