<?xml version="1.0" encoding="UTF-8"?>
<!-- Generated by org.testng.reporters.JUnitReportReporter -->
<testsuite hostname="SurajPooja" failures="0" tests="1" name="car.TataMotors" time="9.629" errors="0" timestamp="2024-05-25T16:20:43 IST" skipped="0">
  <testcase classname="car.TataMotors" name="launch" time="9.629"/>
  <system-out>
    <![CDATA[tatamotors launched successfully]]>
  </system-out>
</testsuite> <!-- car.TataMotors -->
